<?xml version="1.0" encoding="UTF-8"?>
<testng-results ignored="4" total="5" passed="1" failed="0" skipped="0">
  <reporter-output>
    <line>
      <![CDATA[Expected Brand is  Calvin Klein]]>
    </line>
    <line>
      <![CDATA[Actual Brand is Calvin Klein]]>
    </line>
    <line>
      <![CDATA[Expected Item Description is  Calvin Klein]]>
    </line>
  </reporter-output>
  <suite started-at="2022-05-12T19:37:40 SAST" name="Default suite" finished-at="2022-05-12T19:37:52 SAST" duration-ms="11846">
    <groups>
    </groups>
    <test started-at="2022-05-12T19:37:40 SAST" name="Default test" finished-at="2022-05-12T19:37:52 SAST" duration-ms="11846">
      <class name="testTakeaLot.Tests">
        <test-method is-config="true" signature="setUp()[pri:0, instance:testTakeaLot.Tests@30c0ccff]" started-at="2022-05-12T19:37:40 SAST" name="setUp" finished-at="2022-05-12T19:37:42 SAST" duration-ms="2031" status="PASS">
          <reporter-output>
          </reporter-output>
        </test-method> <!-- setUp -->
        <test-method signature="GIVEN_ShopperIsOnLandingPage_WHEN_ShopperEntersDKNYonSearchField_AND_ShopperClicksSearchButton_THEN_DKNYisDisplayed4()[pri:0, instance:testTakeaLot.Tests@30c0ccff]" started-at="2022-05-12T19:37:42 SAST" name="GIVEN_ShopperIsOnLandingPage_WHEN_ShopperEntersDKNYonSearchField_AND_ShopperClicksSearchButton_THEN_DKNYisDisplayed4" finished-at="2022-05-12T19:37:51 SAST" duration-ms="9309" status="PASS">
          <reporter-output>
            <line>
              <![CDATA[Expected Brand is  Calvin Klein]]>
            </line>
            <line>
              <![CDATA[Actual Brand is Calvin Klein]]>
            </line>
            <line>
              <![CDATA[Expected Item Description is  Calvin Klein]]>
            </line>
          </reporter-output>
        </test-method> <!-- GIVEN_ShopperIsOnLandingPage_WHEN_ShopperEntersDKNYonSearchField_AND_ShopperClicksSearchButton_THEN_DKNYisDisplayed4 -->
        <test-method is-config="true" signature="cleanUp()[pri:0, instance:testTakeaLot.Tests@30c0ccff]" started-at="2022-05-12T19:37:51 SAST" name="cleanUp" finished-at="2022-05-12T19:37:52 SAST" duration-ms="471" status="PASS">
          <reporter-output>
          </reporter-output>
        </test-method> <!-- cleanUp -->
      </class> <!-- testTakeaLot.Tests -->
    </test> <!-- Default test -->
  </suite> <!-- Default suite -->
</testng-results>
