<?xml version="1.0" encoding="UTF-8"?>
<!-- Generated by org.testng.reporters.JUnitXMLReporter -->
<testsuite ignored="4" hostname="PIT0901" failures="0" tests="1" name="Default test" time="11.846" errors="0" timestamp="2022-05-12T19:37:52 SAST">
  <testcase classname="testTakeaLot.Tests" name="GIVEN_ShopperIsOnLandingPage_WHEN_ShopperEntersDKNYonSearchField_AND_ShopperClicksSearchButton_THEN_DKNYisDisplayed4" time="9.309"/>
  <testcase classname="testTakeaLot.Tests" name="GIVEN_ShopperHasSelectedItem_WHEN_ShopperAddsItemToCart_AND_ShopperNavigatesToCart_THEN_CheckItemIsAddedToCart3" time="0.0">
    <ignored/>
  </testcase> <!-- GIVEN_ShopperHasSelectedItem_WHEN_ShopperAddsItemToCart_AND_ShopperNavigatesToCart_THEN_CheckItemIsAddedToCart3 -->
  <testcase classname="testTakeaLot.Tests" name="GIVEN_ShopperIsOnLandingPage_WHEN_ShopperEntersDKNYonSearchField_AND_ShopperClicksSearchButton_THEN_DKNYisDisplayed2" time="0.0">
    <ignored/>
  </testcase> <!-- GIVEN_ShopperIsOnLandingPage_WHEN_ShopperEntersDKNYonSearchField_AND_ShopperClicksSearchButton_THEN_DKNYisDisplayed2 -->
  <testcase classname="testTakeaLot.Tests" name="GIVEN_ShopperHasSelectedItem_WHEN_ShopperAddsItemToWishList_AND_ShopperNavigatesToWishList_THEN_CheckItemIsAddedToWishList3" time="0.0">
    <ignored/>
  </testcase> <!-- GIVEN_ShopperHasSelectedItem_WHEN_ShopperAddsItemToWishList_AND_ShopperNavigatesToWishList_THEN_CheckItemIsAddedToWishList3 -->
  <testcase classname="testTakeaLot.Tests" name="GIVEN_ShopperHasSelectedItem_WHEN_ShopperAddsItemToWishList_AND_ShopperNavigatesToWishList_THEN_CheckItemIsAddedToWishList2" time="0.0">
    <ignored/>
  </testcase> <!-- GIVEN_ShopperHasSelectedItem_WHEN_ShopperAddsItemToWishList_AND_ShopperNavigatesToWishList_THEN_CheckItemIsAddedToWishList2 -->
</testsuite> <!-- Default test -->
